<?xml version="1.0" encoding="UTF-8"?>
<!-- Generated by org.testng.reporters.JUnitReportReporter -->
<testsuite skipped="0" hostname="nsoundarajan-pk" name="com.testng.po.ultimateqa" tests="1" failures="0" timestamp="03 May 2018 20:19:59 GMT" time="2.458" errors="0">
  <testcase name="buttonClick1" time="2.458" classname="com.testng.po.ultimateqa"/>
</testsuite> <!-- com.testng.po.ultimateqa -->
